Sep-16 17:43:39.496 [main] DEBUG nextflow.cli.Launcher - $> nextflow run main.nf --input samplesheet_small.csv -bg -resume
Sep-16 17:43:39.667 [main] INFO  nextflow.cli.CmdRun - N E X T F L O W  ~  version 23.10.0
Sep-16 17:43:39.697 [main] DEBUG nextflow.plugin.PluginsFacade - Setting up plugin manager > mode=prod; embedded=false; plugins-dir=/home/vmartin/.nextflow/plugins; core-plugins: nf-amazon@2.1.4,nf-azure@1.3.2,nf-cloudcache@0.3.0,nf-codecommit@0.1.5,nf-console@1.0.6,nf-ga4gh@1.1.0,nf-google@1.8.3,nf-tower@1.6.3,nf-wave@1.0.0
Sep-16 17:43:39.713 [main] INFO  o.pf4j.DefaultPluginStatusProvider - Enabled plugins: []
Sep-16 17:43:39.714 [main] INFO  o.pf4j.DefaultPluginStatusProvider - Disabled plugins: []
Sep-16 17:43:39.739 [main] INFO  org.pf4j.DefaultPluginManager - PF4J version 3.4.1 in 'deployment' mode
Sep-16 17:43:39.754 [main] INFO  org.pf4j.AbstractPluginManager - No plugins
Sep-16 17:43:39.797 [main] DEBUG nextflow.config.ConfigBuilder - Found config local: /research/rgs01/home/clusterHome/vmartin/projects/loc3car/emseq/nextflow.config
Sep-16 17:43:39.798 [main] DEBUG nextflow.config.ConfigBuilder - Parsing config file: /research/rgs01/home/clusterHome/vmartin/projects/loc3car/emseq/nextflow.config
Sep-16 17:43:39.871 [main] DEBUG nextflow.config.ConfigBuilder - Applying config profile: `standard`
Sep-16 17:43:40.877 [main] DEBUG nextflow.cli.CmdRun - Applied DSL=2 from script declararion
Sep-16 17:43:40.905 [main] INFO  nextflow.cli.CmdRun - Launching `main.nf` [angry_saha] DSL2 - revision: e2460f8e49
Sep-16 17:43:40.905 [main] DEBUG nextflow.plugin.PluginsFacade - Plugins default=[]
Sep-16 17:43:40.906 [main] DEBUG nextflow.plugin.PluginsFacade - Plugins resolved requirement=[]
Sep-16 17:43:40.913 [main] DEBUG n.secret.LocalSecretsProvider - Secrets store: /home/vmartin/.nextflow/secrets/store.json
Sep-16 17:43:40.915 [main] DEBUG nextflow.secret.SecretsLoader - Discovered secrets providers: [nextflow.secret.LocalSecretsProvider@56637cff] - activable => nextflow.secret.LocalSecretsProvider@56637cff
Sep-16 17:43:41.009 [main] DEBUG nextflow.Session - Session UUID: cb9b3ab1-5991-4296-bb79-1edf295c7a91
Sep-16 17:43:41.010 [main] DEBUG nextflow.Session - Run name: angry_saha
Sep-16 17:43:41.010 [main] DEBUG nextflow.Session - Executor pool size: 2
Sep-16 17:43:41.027 [main] DEBUG nextflow.file.FilePorter - File porter settings maxRetries=3; maxTransfers=50; pollTimeout=null
Sep-16 17:43:41.030 [main] DEBUG nextflow.util.ThreadPoolBuilder - Creating thread pool 'FileTransfer' minSize=10; maxSize=10; workQueue=LinkedBlockingQueue[10000]; allowCoreThreadTimeout=false
Sep-16 17:43:41.087 [main] DEBUG nextflow.cli.CmdRun - 
  Version: 23.10.0 build 5889
  Created: 15-10-2023 15:07 UTC (10:07 CDT)
  System: Linux 4.18.0-305.el8.x86_64
  Runtime: Groovy 3.0.19 on OpenJDK 64-Bit Server VM 20.0.2+9-78
  Encoding: UTF-8 (ANSI_X3.4-1968)
  Process: 1681332@noderome108 [10.220.17.8]
  CPUs: 1 - Mem: 1007.6 GB (863.4 GB) - Swap: 16 GB (15.6 GB)
Sep-16 17:43:41.193 [main] DEBUG nextflow.Session - Work-dir: /research/rgs01/home/clusterHome/vmartin/projects/loc3car/emseq/work [gpfs]
Sep-16 17:43:41.193 [main] DEBUG nextflow.Session - Script base path does not exist or is not a directory: /research/rgs01/home/clusterHome/vmartin/projects/loc3car/emseq/bin
Sep-16 17:43:41.208 [main] DEBUG nextflow.executor.ExecutorFactory - Extension executors providers=[]
Sep-16 17:43:41.225 [main] DEBUG nextflow.Session - Observer factory: DefaultObserverFactory
Sep-16 17:43:41.253 [main] DEBUG nextflow.cache.CacheFactory - Using Nextflow cache factory: nextflow.cache.DefaultCacheFactory
Sep-16 17:43:41.275 [main] DEBUG nextflow.util.CustomThreadPool - Creating default thread pool > poolSize: 2; maxThreads: 1000
Sep-16 17:43:41.397 [main] DEBUG nextflow.Session - Session start
Sep-16 17:43:41.784 [main] DEBUG nextflow.script.ScriptRunner - > Launching execution
Sep-16 17:43:43.464 [main] DEBUG nextflow.script.ProcessConfig - Config settings `withLabel:process_med` matches labels `process_med` for process with name EMSEQ:CAT_FASTQ
Sep-16 17:43:43.470 [main] DEBUG nextflow.executor.ExecutorFactory - << taskConfig executor: lsf
Sep-16 17:43:43.470 [main] DEBUG nextflow.executor.ExecutorFactory - >> processorType: 'lsf'
Sep-16 17:43:43.492 [main] DEBUG nextflow.executor.Executor - [warm up] executor > lsf
Sep-16 17:43:43.497 [main] DEBUG n.processor.TaskPollingMonitor - Creating task monitor for executor 'lsf' > capacity: 100; pollInterval: 5s; dumpInterval: 5m 
Sep-16 17:43:43.526 [main] DEBUG n.processor.TaskPollingMonitor - >>> barrier register (monitor: lsf)
Sep-16 17:43:43.542 [main] DEBUG n.executor.AbstractGridExecutor - Creating executor 'lsf' > queue-stat-interval: 1m
Sep-16 17:43:43.545 [main] DEBUG nextflow.executor.LsfExecutor - [LSF] Detected lsf.conf LSF_UNIT_FOR_LIMITS=MB
Sep-16 17:43:43.546 [main] DEBUG nextflow.executor.LsfExecutor - [LSF] Detected lsf.conf LSB_JOB_MEMLIMIT=Y (true)
Sep-16 17:43:43.645 [main] DEBUG nextflow.script.ProcessConfig - Config settings `withLabel:process_high` matches labels `process_high` for process with name EMSEQ:FASTQC
Sep-16 17:43:43.648 [main] DEBUG nextflow.executor.ExecutorFactory - << taskConfig executor: lsf
Sep-16 17:43:43.648 [main] DEBUG nextflow.executor.ExecutorFactory - >> processorType: 'lsf'
Sep-16 17:43:43.657 [main] DEBUG nextflow.script.ProcessConfig - Config settings `withLabel:process_high` matches labels `process_high` for process with name EMSEQ:BBDUK_TRIM
Sep-16 17:43:43.659 [main] DEBUG nextflow.executor.ExecutorFactory - << taskConfig executor: lsf
Sep-16 17:43:43.659 [main] DEBUG nextflow.executor.ExecutorFactory - >> processorType: 'lsf'
Sep-16 17:43:43.662 [main] DEBUG nextflow.Session - Workflow process names [dsl2]: FASTQC, EMSEQ:FASTQC, BBDUK_TRIM, EMSEQ:CAT_FASTQ, CAT_FASTQ, EMSEQ:BBDUK_TRIM
Sep-16 17:43:43.671 [main] DEBUG nextflow.Session - Igniting dataflow network (4)
Sep-16 17:43:43.689 [main] DEBUG nextflow.processor.TaskProcessor - Starting process > EMSEQ:CAT_FASTQ
Sep-16 17:43:43.689 [main] DEBUG nextflow.processor.TaskProcessor - Starting process > EMSEQ:FASTQC
Sep-16 17:43:43.689 [main] DEBUG nextflow.processor.TaskProcessor - Starting process > EMSEQ:BBDUK_TRIM
Sep-16 17:43:43.690 [main] DEBUG nextflow.script.ScriptRunner - Parsed script files:
  Script_8de537f14346aae2: /research/rgs01/home/clusterHome/vmartin/projects/loc3car/emseq/main.nf
  Script_ffcbecbfa58d5607: /research/rgs01/home/clusterHome/vmartin/projects/loc3car/emseq/./workflows/emseq.nf
  Script_5041d48253d03d55: /research/rgs01/home/clusterHome/vmartin/projects/loc3car/emseq/./workflows/../modules/bbmap/main.nf
  Script_e8a233ba0ff6a838: /research/rgs01/home/clusterHome/vmartin/projects/loc3car/emseq/./workflows/../modules/fastqc/main.nf
  Script_a88adc72e941aaab: /research/rgs01/home/clusterHome/vmartin/projects/loc3car/emseq/./workflows/../modules/cat/fastq/main.nf
Sep-16 17:43:43.690 [main] DEBUG nextflow.script.ScriptRunner - > Awaiting termination 
Sep-16 17:43:43.690 [main] DEBUG nextflow.Session - Session await
Sep-16 17:43:44.238 [Task submitter] DEBUG nextflow.executor.GridTaskHandler - [LSF] submitted process EMSEQ:BBDUK_TRIM (SJHBBBWQ82X) > jobId: 237849993; workDir: /research/rgs01/home/clusterHome/vmartin/projects/loc3car/emseq/work/21/a117b9a394d8df1db4744a051750fb
Sep-16 17:43:44.238 [Task submitter] INFO  nextflow.Session - [21/a117b9] Submitted process > EMSEQ:BBDUK_TRIM (SJHBBBWQ82X)
Sep-16 17:43:44.426 [Task submitter] DEBUG nextflow.executor.GridTaskHandler - [LSF] submitted process EMSEQ:CAT_FASTQ (SJHBBBX9S3Y) > jobId: 237849994; workDir: /research/rgs01/home/clusterHome/vmartin/projects/loc3car/emseq/work/94/6349568fa50a5ed3fff16b640d1dd5
Sep-16 17:43:44.427 [Task submitter] INFO  nextflow.Session - [94/634956] Submitted process > EMSEQ:CAT_FASTQ (SJHBBBX9S3Y)
Sep-16 17:43:44.525 [Task submitter] DEBUG nextflow.executor.GridTaskHandler - [LSF] submitted process EMSEQ:FASTQC (SJHBBBWQ82X) > jobId: 237849995; workDir: /research/rgs01/home/clusterHome/vmartin/projects/loc3car/emseq/work/e7/9b99de22f079927ee84ec97678df10
Sep-16 17:43:44.525 [Task submitter] INFO  nextflow.Session - [e7/9b99de] Submitted process > EMSEQ:FASTQC (SJHBBBWQ82X)
Sep-16 17:45:18.535 [Task monitor] DEBUG n.processor.TaskPollingMonitor - Task completed > TaskHandler[jobId: 237849994; id: 3; name: EMSEQ:CAT_FASTQ (SJHBBBX9S3Y); status: COMPLETED; exit: 0; error: -; workDir: /research/rgs01/home/clusterHome/vmartin/projects/loc3car/emseq/work/94/6349568fa50a5ed3fff16b640d1dd5 started: 1726526638535; exited: 2024-09-16T22:45:15.97663Z; ]
Sep-16 17:45:18.871 [Task submitter] DEBUG nextflow.executor.GridTaskHandler - [LSF] submitted process EMSEQ:FASTQC (SJHBBBX9S3Y) > jobId: 237850021; workDir: /research/rgs01/home/clusterHome/vmartin/projects/loc3car/emseq/work/5e/f036d58319cfd5630680fa6767b027
Sep-16 17:45:18.871 [Task submitter] INFO  nextflow.Session - [5e/f036d5] Submitted process > EMSEQ:FASTQC (SJHBBBX9S3Y)
Sep-16 17:45:19.002 [Task submitter] DEBUG nextflow.executor.GridTaskHandler - [LSF] submitted process EMSEQ:BBDUK_TRIM (SJHBBBX9S3Y) > jobId: 237850022; workDir: /research/rgs01/home/clusterHome/vmartin/projects/loc3car/emseq/work/ec/46c598af6d315bf1b2d96496c3e89f
Sep-16 17:45:19.003 [Task submitter] INFO  nextflow.Session - [ec/46c598] Submitted process > EMSEQ:BBDUK_TRIM (SJHBBBX9S3Y)
